2020-11-03 15:34:22,433:INFO:PyCaret Classification Module
2020-11-03 15:34:22,434:INFO:version 2.1.2
2020-11-03 15:34:22,434:INFO:Initializing setup()
2020-11-03 15:34:22,434:INFO:USI: a966
2020-11-03 15:35:45,796:INFO:PyCaret Classification Module
2020-11-03 15:35:45,796:INFO:version 2.1.2
2020-11-03 15:35:45,796:INFO:Initializing setup()
2020-11-03 15:35:45,796:INFO:USI: c48f
2020-11-03 15:35:45,796:INFO:setup(data=(54879, 3), target=author, train_size=0.7, sampling=True, sample_estimator=None, categorical_features=None, categorical_imputation=constant, ordinal_features=None,
                    high_cardinality_features=None, high_cardinality_method=frequency, numeric_features=None, numeric_imputation=mean, date_features=None, ignore_features=None, normalize=False,
                    normalize_method=zscore, transformation=False, transformation_method=yeo-johnson, handle_unknown_categorical=True, unknown_categorical_method=least_frequent, pca=False, pca_method=linear,
                    pca_components=None, ignore_low_variance=False, combine_rare_levels=False, rare_level_threshold=0.1, bin_numeric_features=None, remove_outliers=False, outliers_threshold=0.05,
                    remove_multicollinearity=False, multicollinearity_threshold=0.9, remove_perfect_collinearity=False, create_clusters=False, cluster_iter=20,
                    polynomial_features=False, polynomial_degree=2, trigonometry_features=False, polynomial_threshold=0.1, group_features=None,
                    group_names=None, feature_selection=False, feature_selection_threshold=0.8, feature_interaction=False, feature_ratio=False, interaction_threshold=0.01,
                    fix_imbalance=False, fix_imbalance_method=None, data_split_shuffle=True, folds_shuffle=False, n_jobs=-1, html=True, session_id=None, log_experiment=False,
                    experiment_name=None, log_plots=False, log_profile=False, log_data=False, silent=False, verbose=True, profile=False)
2020-11-03 15:35:45,796:INFO:Checking environment
2020-11-03 15:35:45,796:INFO:python_version: 3.7.9
2020-11-03 15:35:45,797:INFO:python_build: ('default', 'Aug 31 2020 07:22:35')
2020-11-03 15:35:45,797:INFO:machine: x86_64
2020-11-03 15:35:45,812:INFO:platform: Darwin-19.6.0-x86_64-i386-64bit
2020-11-03 15:35:45,813:INFO:Memory: svmem(total=17179869184, available=6127546368, percent=64.3, used=9458216960, free=91824128, active=6050697216, inactive=5188550656, wired=3407519744)
2020-11-03 15:35:45,813:INFO:Physical Core: 6
2020-11-03 15:35:45,813:INFO:Logical Core: 12
2020-11-03 15:35:45,814:INFO:Checking libraries
2020-11-03 15:35:45,814:INFO:pd==0.25.3
2020-11-03 15:35:45,814:INFO:numpy==1.18.5
2020-11-03 15:35:45,814:INFO:sklearn==0.22.2.post1
2020-11-03 15:35:47,854:INFO:xgboost==1.2.1
2020-11-03 15:35:48,308:INFO:lightgbm==3.0.0
2020-11-03 15:35:48,863:INFO:catboost==0.24.2
2020-11-03 15:35:50,628:INFO:mlflow==1.11.0
2020-11-03 15:35:50,628:INFO:Checking Exceptions
2020-11-03 15:35:50,628:INFO:Preloading libraries
2020-11-03 15:35:50,628:INFO:Preparing display monitor
2020-11-03 15:35:50,642:INFO:Importing libraries
2020-11-03 15:35:51,587:INFO:Declaring global variables
2020-11-03 15:35:51,587:INFO:Copying data for preprocessing
2020-11-03 15:35:51,604:INFO:Declaring preprocessing parameters
2020-11-03 15:35:51,604:INFO:Importing preprocessing module
2020-11-03 15:36:00,018:INFO:Creating preprocessing pipeline
2020-11-03 15:39:44,265:INFO:Preprocessing pipeline created successfully
2020-11-03 15:39:44,280:INFO:Creating grid variables
2020-11-03 15:39:44,340:INFO:Creating global containers
2020-11-03 15:40:12,957:INFO:Sampling dataset
2020-11-03 15:49:22,835:INFO:PyCaret Classification Module
2020-11-03 15:49:22,836:INFO:version 2.1.2
2020-11-03 15:49:22,836:INFO:Initializing setup()
2020-11-03 15:49:22,836:INFO:USI: 41bf
2020-11-03 15:49:22,837:INFO:setup(data=(54879, 3), target=author, train_size=0.8, sampling=True, sample_estimator=None, categorical_features=None, categorical_imputation=constant, ordinal_features=None,
                    high_cardinality_features=None, high_cardinality_method=frequency, numeric_features=None, numeric_imputation=mean, date_features=None, ignore_features=None, normalize=False,
                    normalize_method=zscore, transformation=False, transformation_method=yeo-johnson, handle_unknown_categorical=True, unknown_categorical_method=least_frequent, pca=False, pca_method=linear,
                    pca_components=None, ignore_low_variance=False, combine_rare_levels=False, rare_level_threshold=0.1, bin_numeric_features=None, remove_outliers=False, outliers_threshold=0.05,
                    remove_multicollinearity=False, multicollinearity_threshold=0.9, remove_perfect_collinearity=False, create_clusters=False, cluster_iter=20,
                    polynomial_features=False, polynomial_degree=2, trigonometry_features=False, polynomial_threshold=0.1, group_features=None,
                    group_names=None, feature_selection=False, feature_selection_threshold=0.8, feature_interaction=False, feature_ratio=False, interaction_threshold=0.01,
                    fix_imbalance=False, fix_imbalance_method=None, data_split_shuffle=True, folds_shuffle=False, n_jobs=-1, html=True, session_id=None, log_experiment=False,
                    experiment_name=None, log_plots=False, log_profile=False, log_data=False, silent=False, verbose=True, profile=False)
2020-11-03 15:49:22,837:INFO:Checking environment
2020-11-03 15:49:22,837:INFO:python_version: 3.7.9
2020-11-03 15:49:22,838:INFO:python_build: ('default', 'Aug 31 2020 07:22:35')
2020-11-03 15:49:22,838:INFO:machine: x86_64
2020-11-03 15:49:22,838:INFO:platform: Darwin-19.6.0-x86_64-i386-64bit
2020-11-03 15:49:22,838:INFO:Memory: svmem(total=17179869184, available=6166487040, percent=64.1, used=9638834176, free=72417280, active=6096748544, inactive=6093897728, wired=3542085632)
2020-11-03 15:49:22,838:INFO:Physical Core: 6
2020-11-03 15:49:22,838:INFO:Logical Core: 12
2020-11-03 15:49:22,838:INFO:Checking libraries
2020-11-03 15:49:22,838:INFO:pd==0.25.3
2020-11-03 15:49:22,839:INFO:numpy==1.18.5
2020-11-03 15:49:22,839:INFO:sklearn==0.22.2.post1
2020-11-03 15:49:22,839:INFO:xgboost==1.2.1
2020-11-03 15:49:22,839:INFO:lightgbm==3.0.0
2020-11-03 15:49:22,839:INFO:catboost==0.24.2
2020-11-03 15:49:22,839:INFO:mlflow==1.11.0
2020-11-03 15:49:22,839:INFO:Checking Exceptions
2020-11-03 15:49:22,841:INFO:Preloading libraries
2020-11-03 15:49:22,841:INFO:Preparing display monitor
2020-11-03 15:49:22,865:INFO:Importing libraries
2020-11-03 15:49:22,873:INFO:Declaring global variables
2020-11-03 15:49:22,873:INFO:Copying data for preprocessing
2020-11-03 15:49:22,882:INFO:Declaring preprocessing parameters
2020-11-03 15:49:22,882:INFO:Importing preprocessing module
2020-11-03 15:49:22,882:INFO:Creating preprocessing pipeline
2020-11-03 15:58:40,899:INFO:PyCaret Classification Module
2020-11-03 15:58:40,899:INFO:version 2.1.2
2020-11-03 15:58:40,899:INFO:Initializing setup()
2020-11-03 15:58:40,900:INFO:USI: 4305
2020-11-03 15:58:40,900:INFO:setup(data=(54879, 3), target=author, train_size=0.8, sampling=True, sample_estimator=None, categorical_features=None, categorical_imputation=constant, ordinal_features=None,
                    high_cardinality_features=None, high_cardinality_method=frequency, numeric_features=None, numeric_imputation=mean, date_features=None, ignore_features=None, normalize=False,
                    normalize_method=zscore, transformation=False, transformation_method=yeo-johnson, handle_unknown_categorical=True, unknown_categorical_method=least_frequent, pca=False, pca_method=linear,
                    pca_components=None, ignore_low_variance=False, combine_rare_levels=False, rare_level_threshold=0.1, bin_numeric_features=None, remove_outliers=False, outliers_threshold=0.05,
                    remove_multicollinearity=False, multicollinearity_threshold=0.9, remove_perfect_collinearity=False, create_clusters=False, cluster_iter=20,
                    polynomial_features=False, polynomial_degree=2, trigonometry_features=False, polynomial_threshold=0.1, group_features=None,
                    group_names=None, feature_selection=False, feature_selection_threshold=0.8, feature_interaction=False, feature_ratio=False, interaction_threshold=0.01,
                    fix_imbalance=False, fix_imbalance_method=None, data_split_shuffle=True, folds_shuffle=False, n_jobs=-1, html=True, session_id=None, log_experiment=False,
                    experiment_name=None, log_plots=False, log_profile=False, log_data=False, silent=False, verbose=True, profile=False)
2020-11-03 15:58:40,900:INFO:Checking environment
2020-11-03 15:58:40,900:INFO:python_version: 3.7.9
2020-11-03 15:58:40,900:INFO:python_build: ('default', 'Aug 31 2020 07:22:35')
2020-11-03 15:58:40,900:INFO:machine: x86_64
2020-11-03 15:58:40,913:INFO:platform: Darwin-19.6.0-x86_64-i386-64bit
2020-11-03 15:58:40,914:INFO:Memory: svmem(total=17179869184, available=10052112384, percent=41.5, used=5653647360, free=7690833920, active=2365493248, inactive=1498476544, wired=3288154112)
2020-11-03 15:58:40,914:INFO:Physical Core: 6
2020-11-03 15:58:40,914:INFO:Logical Core: 12
2020-11-03 15:58:40,914:INFO:Checking libraries
2020-11-03 15:58:40,914:INFO:pd==0.25.3
2020-11-03 15:58:40,915:INFO:numpy==1.18.5
2020-11-03 15:58:40,915:INFO:sklearn==0.22.2.post1
2020-11-03 15:58:41,417:INFO:xgboost==1.2.1
2020-11-03 15:58:41,456:INFO:lightgbm==3.0.0
2020-11-03 15:58:41,524:INFO:catboost==0.24.2
2020-11-03 15:58:42,451:INFO:mlflow==1.11.0
2020-11-03 15:58:42,451:INFO:Checking Exceptions
2020-11-03 15:58:42,451:INFO:Preloading libraries
2020-11-03 15:58:42,451:INFO:Preparing display monitor
2020-11-03 15:58:42,463:INFO:Importing libraries
2020-11-03 15:58:42,757:INFO:Declaring global variables
2020-11-03 15:58:42,757:INFO:Copying data for preprocessing
2020-11-03 15:58:42,767:INFO:Declaring preprocessing parameters
2020-11-03 15:58:42,767:INFO:Importing preprocessing module
2020-11-03 15:58:43,253:INFO:Creating preprocessing pipeline
2020-11-03 16:12:25,751:INFO:PyCaret Classification Module
2020-11-03 16:12:25,752:INFO:version 2.1.2
2020-11-03 16:12:25,752:INFO:Initializing setup()
2020-11-03 16:12:25,752:INFO:USI: 211d
2020-11-03 16:12:25,753:INFO:setup(data=(43903, 32420), target=52527    4
34967    1
45512    1
9305     1
14932    0
        ..
22260    4
33634    0
32842    4
47280    3
33106    3
Name: author, Length: 43903, dtype: int64, train_size=0.8, sampling=True, sample_estimator=None, categorical_features=None, categorical_imputation=constant, ordinal_features=None,
                    high_cardinality_features=None, high_cardinality_method=frequency, numeric_features=None, numeric_imputation=mean, date_features=None, ignore_features=None, normalize=False,
                    normalize_method=zscore, transformation=False, transformation_method=yeo-johnson, handle_unknown_categorical=True, unknown_categorical_method=least_frequent, pca=False, pca_method=linear,
                    pca_components=None, ignore_low_variance=False, combine_rare_levels=False, rare_level_threshold=0.1, bin_numeric_features=None, remove_outliers=False, outliers_threshold=0.05,
                    remove_multicollinearity=False, multicollinearity_threshold=0.9, remove_perfect_collinearity=False, create_clusters=False, cluster_iter=20,
                    polynomial_features=False, polynomial_degree=2, trigonometry_features=False, polynomial_threshold=0.1, group_features=None,
                    group_names=None, feature_selection=False, feature_selection_threshold=0.8, feature_interaction=False, feature_ratio=False, interaction_threshold=0.01,
                    fix_imbalance=False, fix_imbalance_method=None, data_split_shuffle=True, folds_shuffle=False, n_jobs=-1, html=True, session_id=None, log_experiment=False,
                    experiment_name=None, log_plots=False, log_profile=False, log_data=False, silent=False, verbose=True, profile=False)
2020-11-03 16:12:25,753:INFO:Checking environment
2020-11-03 16:12:25,753:INFO:python_version: 3.7.9
2020-11-03 16:12:25,753:INFO:python_build: ('default', 'Aug 31 2020 07:22:35')
2020-11-03 16:12:25,753:INFO:machine: x86_64
2020-11-03 16:12:25,766:INFO:platform: Darwin-19.6.0-x86_64-i386-64bit
2020-11-03 16:12:25,767:INFO:Memory: svmem(total=17179869184, available=10373267456, percent=39.6, used=5759533056, free=7580594176, active=2272964608, inactive=2015203328, wired=3486568448)
2020-11-03 16:12:25,767:INFO:Physical Core: 6
2020-11-03 16:12:25,767:INFO:Logical Core: 12
2020-11-03 16:12:25,767:INFO:Checking libraries
2020-11-03 16:12:25,767:INFO:pd==0.25.3
2020-11-03 16:12:25,767:INFO:numpy==1.18.5
2020-11-03 16:12:25,767:INFO:sklearn==0.22.2.post1
2020-11-03 16:12:26,285:INFO:xgboost==1.2.1
2020-11-03 16:12:26,319:INFO:lightgbm==3.0.0
2020-11-03 16:12:26,380:INFO:catboost==0.24.2
2020-11-03 16:12:27,319:INFO:mlflow==1.11.0
2020-11-03 16:12:27,319:INFO:Checking Exceptions
2020-11-03 16:15:38,098:INFO:PyCaret Classification Module
2020-11-03 16:15:38,098:INFO:version 2.1.2
2020-11-03 16:15:38,098:INFO:Initializing setup()
2020-11-03 16:15:38,098:INFO:USI: 2b23
2020-11-03 16:15:38,099:INFO:setup(data=(54879, 3), target=text, train_size=0.8, sampling=True, sample_estimator=None, categorical_features=None, categorical_imputation=constant, ordinal_features=None,
                    high_cardinality_features=None, high_cardinality_method=frequency, numeric_features=None, numeric_imputation=mean, date_features=None, ignore_features=None, normalize=False,
                    normalize_method=zscore, transformation=False, transformation_method=yeo-johnson, handle_unknown_categorical=True, unknown_categorical_method=least_frequent, pca=False, pca_method=linear,
                    pca_components=None, ignore_low_variance=False, combine_rare_levels=False, rare_level_threshold=0.1, bin_numeric_features=None, remove_outliers=False, outliers_threshold=0.05,
                    remove_multicollinearity=False, multicollinearity_threshold=0.9, remove_perfect_collinearity=False, create_clusters=False, cluster_iter=20,
                    polynomial_features=False, polynomial_degree=2, trigonometry_features=False, polynomial_threshold=0.1, group_features=None,
                    group_names=None, feature_selection=False, feature_selection_threshold=0.8, feature_interaction=False, feature_ratio=False, interaction_threshold=0.01,
                    fix_imbalance=False, fix_imbalance_method=None, data_split_shuffle=True, folds_shuffle=False, n_jobs=-1, html=True, session_id=None, log_experiment=False,
                    experiment_name=None, log_plots=False, log_profile=False, log_data=False, silent=False, verbose=True, profile=False)
2020-11-03 16:15:38,099:INFO:Checking environment
2020-11-03 16:15:38,099:INFO:python_version: 3.7.9
2020-11-03 16:15:38,099:INFO:python_build: ('default', 'Aug 31 2020 07:22:35')
2020-11-03 16:15:38,099:INFO:machine: x86_64
2020-11-03 16:15:38,099:INFO:platform: Darwin-19.6.0-x86_64-i386-64bit
2020-11-03 16:15:38,099:INFO:Memory: svmem(total=17179869184, available=10059833344, percent=41.4, used=6058573824, free=7134982144, active=2616512512, inactive=1992753152, wired=3442061312)
2020-11-03 16:15:38,099:INFO:Physical Core: 6
2020-11-03 16:15:38,099:INFO:Logical Core: 12
2020-11-03 16:15:38,099:INFO:Checking libraries
2020-11-03 16:15:38,099:INFO:pd==0.25.3
2020-11-03 16:15:38,099:INFO:numpy==1.18.5
2020-11-03 16:15:38,100:INFO:sklearn==0.22.2.post1
2020-11-03 16:15:38,100:INFO:xgboost==1.2.1
2020-11-03 16:15:38,100:INFO:lightgbm==3.0.0
2020-11-03 16:15:38,100:INFO:catboost==0.24.2
2020-11-03 16:15:38,100:INFO:mlflow==1.11.0
2020-11-03 16:15:38,100:INFO:Checking Exceptions
2020-11-03 16:15:38,100:INFO:Preloading libraries
2020-11-03 16:15:38,100:INFO:Preparing display monitor
2020-11-03 16:15:38,116:INFO:Importing libraries
2020-11-03 16:15:38,465:INFO:Declaring global variables
2020-11-03 16:15:38,465:INFO:Copying data for preprocessing
2020-11-03 16:15:38,474:INFO:Declaring preprocessing parameters
2020-11-03 16:15:38,474:INFO:Importing preprocessing module
2020-11-03 16:15:38,879:INFO:Creating preprocessing pipeline
2020-11-03 16:15:42,461:INFO:Preprocessing pipeline created successfully
2020-11-03 16:15:42,613:INFO:Creating grid variables
2020-11-03 16:15:42,618:INFO:Creating global containers
2020-11-03 16:15:42,625:INFO:Sampling dataset
2020-11-03 16:16:49,239:INFO:PyCaret NLP Module
2020-11-03 16:16:49,239:INFO:version 2.1.2
2020-11-03 16:16:49,239:INFO:Initializing setup()
2020-11-03 16:16:49,239:INFO:USI: e7cc
2020-11-03 16:16:49,239:INFO:setup(data=(6818, 7), target=en, custom_stopwords=None, html=True, session_id=None, log_experiment=False,
                    experiment_name=None, log_plots=False, log_data=False, verbose=True)
2020-11-03 16:16:49,239:INFO:Checking environment
2020-11-03 16:16:49,239:INFO:python_version: 3.7.9
2020-11-03 16:16:49,239:INFO:python_build: ('default', 'Aug 31 2020 07:22:35')
2020-11-03 16:16:49,239:INFO:machine: x86_64
2020-11-03 16:16:49,239:INFO:platform: Darwin-19.6.0-x86_64-i386-64bit
2020-11-03 16:16:49,239:INFO:Memory: svmem(total=17179869184, available=10008821760, percent=41.7, used=6110380032, free=7006707712, active=3006631936, inactive=2054090752, wired=3103748096)
2020-11-03 16:16:49,239:INFO:Physical Core: 6
2020-11-03 16:16:49,240:INFO:Logical Core: 12
2020-11-03 16:16:49,240:INFO:Checking libraries
2020-11-03 16:16:49,240:INFO:pd==0.25.3
2020-11-03 16:16:49,240:INFO:numpy==1.18.5
2020-11-03 16:16:54,599:INFO:gensim==3.8.3
2020-11-03 16:17:18,694:INFO:spacy==2.3.2
2020-11-03 16:17:18,694:INFO:nltk==3.5
2020-11-03 16:17:18,724:INFO:textblob==0.15.3
2020-11-03 16:17:18,780:INFO:pyLDAvis==2.1.2
2020-11-03 16:17:18,780:INFO:wordcloud==1.8.0
2020-11-03 16:17:18,780:INFO:mlflow==1.11.0
2020-11-03 16:17:18,780:INFO:Checking Exceptions
2020-11-03 16:18:01,332:INFO:PyCaret Classification Module
2020-11-03 16:18:01,333:INFO:version 2.1.2
2020-11-03 16:18:01,334:INFO:Initializing setup()
2020-11-03 16:18:01,334:INFO:USI: 4ef8
2020-11-03 16:18:01,335:INFO:setup(data=(54879, 3), target=author, train_size=0.7, sampling=True, sample_estimator=None, categorical_features=None, categorical_imputation=constant, ordinal_features=None,
                    high_cardinality_features=None, high_cardinality_method=frequency, numeric_features=None, numeric_imputation=mean, date_features=None, ignore_features=None, normalize=False,
                    normalize_method=zscore, transformation=False, transformation_method=yeo-johnson, handle_unknown_categorical=True, unknown_categorical_method=least_frequent, pca=False, pca_method=linear,
                    pca_components=None, ignore_low_variance=False, combine_rare_levels=False, rare_level_threshold=0.1, bin_numeric_features=None, remove_outliers=False, outliers_threshold=0.05,
                    remove_multicollinearity=False, multicollinearity_threshold=0.9, remove_perfect_collinearity=False, create_clusters=False, cluster_iter=20,
                    polynomial_features=False, polynomial_degree=2, trigonometry_features=False, polynomial_threshold=0.1, group_features=None,
                    group_names=None, feature_selection=False, feature_selection_threshold=0.8, feature_interaction=False, feature_ratio=False, interaction_threshold=0.01,
                    fix_imbalance=False, fix_imbalance_method=None, data_split_shuffle=True, folds_shuffle=False, n_jobs=-1, html=True, session_id=None, log_experiment=False,
                    experiment_name=None, log_plots=False, log_profile=False, log_data=False, silent=False, verbose=True, profile=False)
2020-11-03 16:18:01,336:INFO:Checking environment
2020-11-03 16:18:01,337:INFO:python_version: 3.7.9
2020-11-03 16:18:01,337:INFO:python_build: ('default', 'Aug 31 2020 07:22:35')
2020-11-03 16:18:01,338:INFO:machine: x86_64
2020-11-03 16:18:01,338:INFO:platform: Darwin-19.6.0-x86_64-i386-64bit
2020-11-03 16:18:01,339:INFO:Memory: svmem(total=17179869184, available=9911021568, percent=42.3, used=6207438848, free=6844407808, active=2987679744, inactive=2033500160, wired=3219759104)
2020-11-03 16:18:01,339:INFO:Physical Core: 6
2020-11-03 16:18:01,340:INFO:Logical Core: 12
2020-11-03 16:18:01,341:INFO:Checking libraries
2020-11-03 16:18:01,341:INFO:pd==0.25.3
2020-11-03 16:18:01,342:INFO:numpy==1.18.5
2020-11-03 16:18:01,342:INFO:sklearn==0.22.2.post1
2020-11-03 16:18:01,343:INFO:xgboost==1.2.1
2020-11-03 16:18:01,344:INFO:lightgbm==3.0.0
2020-11-03 16:18:01,344:INFO:catboost==0.24.2
2020-11-03 16:18:01,345:INFO:mlflow==1.11.0
2020-11-03 16:18:01,345:INFO:Checking Exceptions
2020-11-03 16:18:01,346:INFO:Preloading libraries
2020-11-03 16:18:01,346:INFO:Preparing display monitor
2020-11-03 16:18:01,360:INFO:Importing libraries
2020-11-03 16:18:01,365:INFO:Declaring global variables
2020-11-03 16:18:01,366:INFO:Copying data for preprocessing
2020-11-03 16:18:01,371:INFO:Declaring preprocessing parameters
2020-11-03 16:18:01,372:INFO:Importing preprocessing module
2020-11-03 16:18:01,372:INFO:Creating preprocessing pipeline
2020-11-03 16:21:29,585:INFO:Preprocessing pipeline created successfully
2020-11-03 16:21:29,608:INFO:Creating grid variables
2020-11-03 16:21:29,672:INFO:Creating global containers
2020-11-03 16:21:59,872:INFO:Sampling dataset
2020-11-03 19:08:45,396:INFO:PyCaret NLP Module
2020-11-03 19:08:45,397:INFO:version 2.1.2
2020-11-03 19:08:45,397:INFO:Initializing setup()
2020-11-03 19:08:45,397:INFO:USI: 95cb
2020-11-03 19:08:45,397:INFO:setup(data=(6818, 7), target=en, custom_stopwords=None, html=True, session_id=None, log_experiment=False,
                    experiment_name=None, log_plots=False, log_data=False, verbose=True)
2020-11-03 19:08:45,397:INFO:Checking environment
2020-11-03 19:08:45,397:INFO:python_version: 3.7.9
2020-11-03 19:08:45,397:INFO:python_build: ('default', 'Aug 31 2020 07:22:35')
2020-11-03 19:08:45,397:INFO:machine: x86_64
2020-11-03 19:08:45,417:INFO:platform: Darwin-19.6.0-x86_64-i386-64bit
2020-11-03 19:08:45,418:INFO:Memory: svmem(total=17179869184, available=5999075328, percent=65.1, used=9687265280, free=202993664, active=5800402944, inactive=5325492224, wired=3886862336)
2020-11-03 19:08:45,418:INFO:Physical Core: 6
2020-11-03 19:08:45,418:INFO:Logical Core: 12
2020-11-03 19:08:45,418:INFO:Checking libraries
2020-11-03 19:08:45,418:INFO:pd==0.25.3
2020-11-03 19:08:45,418:INFO:numpy==1.18.5
2020-11-03 19:08:45,730:INFO:gensim==3.8.3
2020-11-03 19:08:46,325:INFO:spacy==2.3.2
2020-11-03 19:08:46,325:INFO:nltk==3.5
2020-11-03 19:08:46,361:INFO:textblob==0.15.3
2020-11-03 19:08:46,459:INFO:pyLDAvis==2.1.2
2020-11-03 19:08:46,459:INFO:wordcloud==1.8.0
2020-11-03 19:08:47,050:INFO:mlflow==1.11.0
2020-11-03 19:08:47,051:INFO:Checking Exceptions
2020-11-04 01:43:37,130:INFO:PyCaret Classification Module
2020-11-04 01:43:37,131:INFO:version 2.1.2
2020-11-04 01:43:37,131:INFO:Initializing setup()
2020-11-04 01:43:37,131:INFO:USI: 8c39
2020-11-04 01:43:37,131:INFO:setup(data=(54879, 3), target=author, train_size=0.7, sampling=True, sample_estimator=None, categorical_features=None, categorical_imputation=constant, ordinal_features=None,
                    high_cardinality_features=None, high_cardinality_method=frequency, numeric_features=None, numeric_imputation=mean, date_features=None, ignore_features=None, normalize=False,
                    normalize_method=zscore, transformation=False, transformation_method=yeo-johnson, handle_unknown_categorical=True, unknown_categorical_method=least_frequent, pca=False, pca_method=linear,
                    pca_components=None, ignore_low_variance=False, combine_rare_levels=False, rare_level_threshold=0.1, bin_numeric_features=None, remove_outliers=False, outliers_threshold=0.05,
                    remove_multicollinearity=False, multicollinearity_threshold=0.9, remove_perfect_collinearity=False, create_clusters=False, cluster_iter=20,
                    polynomial_features=False, polynomial_degree=2, trigonometry_features=False, polynomial_threshold=0.1, group_features=None,
                    group_names=None, feature_selection=False, feature_selection_threshold=0.8, feature_interaction=False, feature_ratio=False, interaction_threshold=0.01,
                    fix_imbalance=False, fix_imbalance_method=None, data_split_shuffle=True, folds_shuffle=False, n_jobs=-1, html=True, session_id=None, log_experiment=False,
                    experiment_name=None, log_plots=False, log_profile=False, log_data=False, silent=False, verbose=True, profile=False)
2020-11-04 01:43:37,131:INFO:Checking environment
2020-11-04 01:43:37,131:INFO:python_version: 3.7.9
2020-11-04 01:43:37,131:INFO:python_build: ('default', 'Aug 31 2020 07:22:35')
2020-11-04 01:43:37,131:INFO:machine: x86_64
2020-11-04 01:43:37,143:INFO:platform: Darwin-19.6.0-x86_64-i386-64bit
2020-11-04 01:43:37,144:INFO:Memory: svmem(total=17179869184, available=6429179904, percent=62.6, used=9175171072, free=701562880, active=5731872768, inactive=3630850048, wired=3443298304)
2020-11-04 01:43:37,144:INFO:Physical Core: 6
2020-11-04 01:43:37,144:INFO:Logical Core: 12
2020-11-04 01:43:37,144:INFO:Checking libraries
2020-11-04 01:43:37,144:INFO:pd==0.25.3
2020-11-04 01:43:37,144:INFO:numpy==1.18.5
2020-11-04 01:43:37,144:INFO:sklearn==0.22.2.post1
2020-11-04 01:43:37,574:INFO:xgboost==1.2.1
2020-11-04 01:43:37,575:INFO:lightgbm==3.0.0
2020-11-04 01:43:37,637:INFO:catboost==0.24.2
2020-11-04 01:43:38,240:INFO:mlflow==1.11.0
2020-11-04 01:43:38,240:INFO:Checking Exceptions
2020-11-04 01:43:38,240:INFO:Preloading libraries
2020-11-04 01:43:38,240:INFO:Preparing display monitor
2020-11-04 01:43:38,252:INFO:Importing libraries
2020-11-04 01:43:38,581:INFO:Declaring global variables
2020-11-04 01:43:38,581:INFO:Copying data for preprocessing
2020-11-04 01:43:38,591:INFO:Declaring preprocessing parameters
2020-11-04 01:43:38,592:INFO:Importing preprocessing module
2020-11-04 01:43:39,115:INFO:Creating preprocessing pipeline
2020-11-04 10:41:25,945:INFO:PyCaret NLP Module
2020-11-04 10:41:25,945:INFO:version 2.1.2
2020-11-04 10:41:25,946:INFO:Initializing setup()
2020-11-04 10:41:25,946:INFO:USI: 0d05
2020-11-04 10:41:25,946:INFO:setup(data=(6818, 7), target=en, custom_stopwords=None, html=True, session_id=None, log_experiment=False,
                    experiment_name=None, log_plots=False, log_data=False, verbose=True)
2020-11-04 10:41:25,946:INFO:Checking environment
2020-11-04 10:41:25,946:INFO:python_version: 3.7.9
2020-11-04 10:41:25,946:INFO:python_build: ('default', 'Aug 31 2020 07:22:35')
2020-11-04 10:41:25,946:INFO:machine: x86_64
2020-11-04 10:41:25,946:INFO:platform: Darwin-19.6.0-x86_64-i386-64bit
2020-11-04 10:41:25,947:INFO:Memory: svmem(total=17179869184, available=7146475520, percent=58.4, used=8177356800, free=2490347520, active=4632670208, inactive=3160211456, wired=3544686592)
2020-11-04 10:41:25,947:INFO:Physical Core: 6
2020-11-04 10:41:25,947:INFO:Logical Core: 12
2020-11-04 10:41:25,947:INFO:Checking libraries
2020-11-04 10:41:25,947:INFO:pd==0.25.3
2020-11-04 10:41:25,947:INFO:numpy==1.18.5
2020-11-04 10:41:26,071:INFO:gensim==3.8.3
2020-11-04 10:41:26,375:INFO:spacy==2.3.2
2020-11-04 10:41:26,375:INFO:nltk==3.5
2020-11-04 10:41:26,400:INFO:textblob==0.15.3
2020-11-04 10:41:26,440:INFO:pyLDAvis==2.1.2
2020-11-04 10:41:26,440:INFO:wordcloud==1.8.0
2020-11-04 10:41:26,440:INFO:mlflow==1.11.0
2020-11-04 10:41:26,440:INFO:Checking Exceptions
